
> lukas-ai@0.1.0 dev
> next dev

▲ Next.js 16.1.6 (Turbopack)
- Local:         http://localhost:3000
- Network:       http://192.168.0.11:3000

✓ Starting...
Attention: Next.js now collects completely anonymous telemetry regarding usage.
This information is used to shape Next.js' roadmap and prioritize features.
You can learn more, including how to opt-out if you'd not like to participate in this anonymous program, by visiting the following URL:
https://nextjs.org/telemetry

✓ Ready in 973ms
○ Compiling / ...
 GET / 200 in 7.2s (compile: 5.3s, render: 1979ms)
 HEAD / 200 in 376ms (compile: 185ms, render: 191ms)
 GET / 200 in 5.2s (compile: 3.0s, render: 2.2s)
 HEAD / 200 in 1305ms (compile: 719ms, render: 587ms)
✓ Compiled in 5.3s
 GET / 200 in 2.7s (compile: 1736ms, render: 967ms)
✓ Compiled in 1353ms
 HEAD / 200 in 1558ms (compile: 170ms, render: 1389ms)
 GET / 200 in 2.5s (compile: 346ms, render: 2.1s)
✓ Compiled in 2s
 GET / 200 in 1423ms (compile: 696ms, render: 727ms)
 GET / 200 in 274ms (compile: 18ms, render: 256ms)
✓ Compiled in 3.2s
 HEAD / 200 in 3.6s (compile: 75ms, render: 3.5s)
 GET / 200 in 1102ms (compile: 224ms, render: 878ms)
 GET / 200 in 7.1s (compile: 775ms, render: 6.4s)
 GET / 200 in 9.4s (compile: 1304ms, render: 8.1s)
 GET / 200 in 8.1s (compile: 1116ms, render: 7.0s)
 HEAD / 200 in 2.1s (compile: 63ms, render: 2.0s)
 GET / 200 in 1767ms (compile: 385ms, render: 1382ms)
✓ Finished writing to filesystem cache in 83s
✓ Compiled in 4.7s
 GET / 200 in 3.9s (compile: 590ms, render: 3.3s)
 GET / 200 in 3.8s (compile: 1251ms, render: 2.6s)
 GET / 200 in 2.3s (compile: 22ms, render: 2.2s)
 GET / 200 in 1563ms (compile: 51ms, render: 1512ms)
✓ Compiled in 2.4s
 HEAD / 200 in 1913ms (compile: 127ms, render: 1786ms)
 GET / 200 in 23.5s (compile: 584ms, render: 22.9s)
✓ Compiled in 5.4s
 GET / 200 in 6.3s (compile: 1070ms, render: 5.3s)
 GET / 200 in 6.8s (compile: 1854ms, render: 5.0s)
 GET / 200 in 4.8s (compile: 162ms, render: 4.6s)
 GET / 200 in 4.2s (compile: 52ms, render: 4.2s)
 GET / 200 in 3.9s (compile: 133ms, render: 3.8s)
✓ Compiled in 3.1s
 HEAD / 200 in 4.5s (compile: 111ms, render: 4.4s)
 GET / 200 in 2.1s (compile: 393ms, render: 1741ms)
✓ Compiled in 10.7s
✓ Compiled in 1141ms
 GET / 200 in 44s (compile: 10.1s, render: 34.0s)
 GET / 200 in 46s (compile: 13.9s, render: 32.1s)
 GET / 200 in 31.9s (compile: 226ms, render: 31.7s)
 GET / 200 in 30.9s (compile: 1479ms, render: 29.4s)
 GET / 200 in 22.2s (compile: 549ms, render: 21.7s)
 GET / 200 in 18.9s (compile: 913ms, render: 18.0s)
✓ Compiled in 11.5s
 HEAD / 200 in 3.8s (compile: 914ms, render: 2.9s)
 GET / 200 in 17.7s (compile: 3.3s, render: 14.4s)
